[1] 2.931418
[1] 2.958072
[1] 2.904627
[1] 2.984578
[1] 2.878092
[1] 2.935871
[1] 2.926971
[1] 2.911147
[1] 2.951615
[1] 2.937094
[1] 2.924953
[1] 2.975759
[1] 2.887089
[1] 2.928196
[1] 2.935043
[1] -1e+20
[1] -1e+20
[1] -13263.42
[1] -4900.253
[1] -25.93281
[1] 4.434782
[1] 4.44737
[1] 4.421996
[1] 4.459454
[1] 4.409036
[1] 4.436764
[1] 4.432778
[1] 4.425224
[1] 4.444295
[1] 4.437754
[1] 4.432115
[1] 4.454889
[1] 4.414088
[1] 4.433444
[1] 4.436103
[1] -1.986086
[1] 4.650321
[1] 4.650734
[1] 4.649424
[1] 4.650604
[1] 4.647866
[1] 4.650424
[1] 4.650204
[1] 4.649697
[1] 4.650673
[1] 4.650464
[1] 4.65014
[1] 4.650727
[1] 4.648511
[1] 4.650255
[1] 4.650389
[1] 4.649
[1] 4.650698
[1] 4.65069
[1] 4.650203
[1] 4.65012
[1] 4.64909
[1] 4.650732
[1] 4.650662
[1] 4.650374
[1] 4.650741
[1] 4.650743
[1] 4.650621
[1] 4.65041
[1] 4.649596
[1] 4.650673
[1] 4.650722
[1] 4.650713
[1] 4.650238
[1] 4.650676
[1] 4.64914
[1] 4.650082
[1] 4.650666
[1] 4.65074
[1] 4.65073
[1] 4.65041
[1] 4.650643
[1] 4.650749
[1] 4.649617
[1] 4.650374
[1] 4.650729
[1] 4.650684
[1] 4.650757
[1] 4.650458
[1] 4.650525
[1] 4.649578
[1] 4.649733
[1] 4.650744
[1] 4.650756
[1] 4.650643
[1] 4.65059
[1] 4.650733
[1] 4.65075
[1] 4.649979
[1] 4.650111
[1] 4.650758
[1] 4.650752
[1] 4.650758
[1] 4.650502
[1] 4.650489
[1] 4.649667
[1] 4.649635
[1] 4.650753
[1] 4.650751
[1] 4.650612
[1] 4.650622
[1] 4.650744
[1] 4.650743
[1] 4.650051
[1] 4.650032
[1] 4.650755
[1] 4.650756
[1] 4.650758
[1] 4.650758
[1] 3.543816
[1] 4.613035
[1] 4.649318
[1] 4.650705
[1] 4.650756
[1] 4.650758
[1] 4.650758
[1] 4.650758
[1] 4.638793
[1] 4.639336
[1] 4.647816
[1] 4.647885
[1] 4.650011
[1] 4.650032
[1] 4.650575
[1] 4.650584
[1] 3.2124
[1] 3.761123
[1] 4.329596
[1] 4.397916
[1] 4.574659
[1] 4.583796
[1] 4.632285
[1] 4.633433
[1] 4.550368
[1] 4.570828
[1] 4.627009
[1] 4.629571
[1] 4.644972
[1] 4.645335
[1] 4.649332
[1] 4.649383
[1] 4.649861
[1] 4.649824
[1] 4.650536
[1] 4.65052
[1] 4.650701
[1] 4.650696
[1] 4.650745
[1] 4.650743
[1] 2.981403
[1] 3.905212
[1] 4.309453
[1] 4.423358
[1] 4.573683
[1] 4.588001
[1] 4.632439
[1] 4.634255
[1] -486.0709
[1] -1.171248
[1] -77.53123
[1] -2.987092
[1] -10.09697
[1] 0.001627993
[1] 1.683223
[1] 2.975778
[1] 4.647785
[1] 4.647734
[1] 4.650032
[1] 4.65001
[1] 4.650579
[1] 4.650559
[1] 4.650717
[1] 4.65071
[1] 2.868722
[1] 3.599508
[1] 4.256473
[1] 4.348137
[1] 4.558213
[1] 4.569896
[1] 4.628347
[1] 4.62984
[1] 4.464263
[1] 4.503439
[1] 4.60658
[1] 4.611589
[1] 4.640012
[1] 4.640653
[1] 4.648154
[1] 4.648216
[1] 2.18121
[1] 3.290179
[1] 4.109458
[1] 4.249518
[1] 4.524704
[1] 4.542293
[1] 4.620334
[1] 4.622542
[1] 4.644618
[1] 4.644827
[1] 4.649216
[1] 4.649268
[1] 4.650367
[1] 4.650388
[1] 4.650659
[1] 4.650673
[1] 3.300035
[1] 3.804236
[1] 4.348247
[1] 4.411479
[1] 4.579079
[1] 4.587354
[1] 4.633358
[1] 4.634352
[1] 4.569434
[1] 4.586151
[1] 4.631497
[1] 4.63358
[1] 4.646071
[1] 4.646381
[1] 4.649604
[1] 4.649648
[1] 2.607096
[1] 3.754204
[1] 4.234072
[1] 4.375866
[1] 4.556908
[1] 4.574605
[1] 4.628461
[1] 4.630692
[1] -3.052162
[1] 2.134237
[1] 3.162935
[1] 3.805753
[1] 4.326213
[1] 4.406416
[1] 4.575179
[1] 4.585034
[1] 1.867981
[1] 3.461141
[1] 4.083001
[1] 4.281178
[1] 4.523165
[1] 4.547735
[1] 4.620403
[1] 4.623707
[1] 3.07068
[1] 3.948824
[1] 4.328257
[1] 4.436755
[1] 4.578031
[1] 4.59162
[1] 4.633506
[1] 4.635196
[1] -499.3505
[1] -1.186404
[1] -79.59205
[1] -2.989514
[1] -10.43137
[1] -0.04494912
[1] 1.621253
[1] 2.951642
[1] -628.0606
[1] -1.375487
[1] -99.5805
[1] -2.965546
[1] -13.63397
[1] -0.4494411
[1] 1.040888
[1] 2.733709
[1] -498.3729
[1] -1.228169
[1] -81.49512
[1] -2.990962
[1] -10.90472
[1] -0.1417136
[1] 1.522647
[1] 2.904637
[1] -482.0872
[1] -1.168379
[1] -76.93548
[1] -2.986278
[1] -10.00388
[1] 0.01535763
[1] 1.699575
[1] 2.982976
[1] -611.2518
[1] -1.367531
[1] -98.2728
[1] -2.965996
[1] -13.51864
[1] -0.4470515
[1] 1.05498
[1] 2.734989
[1] 4.647897
[1] 4.647905
[1] 4.650041
[1] 4.650052
[1] 4.650579
[1] 4.650584
[1] 4.650713
[1] 4.650715
[1] 3.367319
[1] 3.840104
[1] 4.362906
[1] 4.422157
[1] 4.582358
[1] 4.590097
[1] 4.634205
[1] 4.635151
[1] 4.583262
[1] 4.597538
[1] 4.634883
[1] 4.636603
[1] 4.646865
[1] 4.647139
[1] 4.6498
[1] 4.649861
[1] 4.643714
[1] 4.643402
[1] 4.648981
[1] 4.648921
[1] 4.65032
[1] 4.650289
[1] 4.650654
[1] 4.650643
[1] 3.147031
[1] 3.980798
[1] 4.343649
[1] 4.446087
[1] 4.581437
[1] 4.594273
[1] 4.634254
[1] 4.635887
[1] -477.0306
[1] -1.165144
[1] -76.34255
[1] -2.985595
[1] -9.920449
[1] 0.02468331
[1] 1.715081
[1] 2.98779
[1] 4.650758
[1] 4.650758
[1] 4.650758
[1] 4.650757
[1] 4.650758
[1] 4.650758
[1] 4.650758
[1] 4.650758
[1] 4.650758
[1] 4.650757
[1] 4.650758
[1] 4.650609
[1] 4.650617
[1] 4.650758
[1] 4.650758
[1] 4.650758
[1] 4.650758
[1] 4.650758
[1] 4.650758
[1] 4.650758
[1] 4.650758
[1] 4.650758
[1] 4.650758
[1] 4.65072
[1] 4.650726
[1] 4.650758
[1] 4.650758
[1] 4.650758
[1] 4.650758
[1] 4.650758
[1] 4.650758
[1] 4.650758
[1] 4.650758
[1] 4.650758
[1] 4.650758
[1] 4.650748
[1] 4.65075
[1] 4.650758
[1] 4.650758
[1] 4.650758
[1] 4.650758
[1] 4.650758
[1] 4.650758
[1] 4.650755
[1] 4.650757

Call:
bbmle::mle2(minuslogl = f.optim, start = values.start, optimizer = "optim", 
    vecpar = TRUE)

Coefficients:
      logit.b     log.c_min logit.epsilon   logit.sigma        log.Ts 
   0.06719499    0.32101522   -1.17601725   -0.02548491    2.70428076 
        log.g      logit.Tm 
   4.52007277   -0.34323417 

Log-likelihood: 4.65 
[1] 4.650758
[1] 4.650496
[1] 4.650507
[1] 4.649642
[1] 4.64966
[1] 4.650751
[1] 4.650752
[1] 4.650621
[1] 4.650618
[1] 4.650743
[1] 4.650744
[1] 4.650021
[1] 4.650052
[1] 4.650757
[1] 4.650755
[1] 4.057595
[1] 4.623283
[1] 4.649635
[1] 4.650719
[1] 4.650757
[1] 4.650758
[1] 4.650758
[1] 4.650758
[1] 4.650758
[1] 4.650758
[1] 4.650758
[1] 4.650758
[1] 4.650758
[1] 4.650758
[1] 4.650758
[1] 4.638793
[1] 4.639336
[1] 4.647816
[1] 4.647885
[1] 4.650011
[1] 4.650032
[1] 4.650575
[1] 4.650584
[1] 3.2124
[1] 3.761123
[1] 4.329596
[1] 4.397916
[1] 4.574659
[1] 4.583796
[1] 4.632285
[1] 4.633433
[1] 4.550368
[1] 4.570828
[1] 4.627009
[1] 4.629571
[1] 4.644972
[1] 4.645335
[1] 4.649332
[1] 4.649383
[1] 4.649861
[1] 4.649824
[1] 4.650536
[1] 4.65052
[1] 4.650701
[1] 4.650696
[1] 4.650745
[1] 4.650743
[1] 2.981403
[1] 3.905212
[1] 4.309453
[1] 4.423358
[1] 4.573683
[1] 4.588001
[1] 4.632439
[1] 4.634255
[1] -486.0709
[1] -1.171248
[1] -77.53123
[1] -2.987092
[1] -10.09697
[1] 0.001627993
[1] 1.683223
[1] 2.975778
[1] 4.647785
[1] 4.647734
[1] 4.650032
[1] 4.65001
[1] 4.650579
[1] 4.650559
[1] 4.650717
[1] 4.65071
[1] 2.868722
[1] 3.599508
[1] 4.256473
[1] 4.348137
[1] 4.558213
[1] 4.569896
[1] 4.628347
[1] 4.62984
[1] 4.464263
[1] 4.503439
[1] 4.60658
[1] 4.611589
[1] 4.640012
[1] 4.640653
[1] 4.648154
[1] 4.648216
[1] 2.18121
[1] 3.290179
[1] 4.109458
[1] 4.249518
[1] 4.524704
[1] 4.542293
[1] 4.620334
[1] 4.622542
[1] 4.644618
[1] 4.644827
[1] 4.649216
[1] 4.649268
[1] 4.650367
[1] 4.650388
[1] 4.650659
[1] 4.650673
[1] 3.300035
[1] 3.804236
[1] 4.348247
[1] 4.411479
[1] 4.579079
[1] 4.587354
[1] 4.633358
[1] 4.634352
[1] 4.569434
[1] 4.586151
[1] 4.631497
[1] 4.63358
[1] 4.646071
[1] 4.646381
[1] 4.649604
[1] 4.649648
[1] 2.607096
[1] 3.754204
[1] 4.234072
[1] 4.375866
[1] 4.556908
[1] 4.574605
[1] 4.628461
[1] 4.630692
[1] -3.052162
[1] 2.134237
[1] 3.162935
[1] 3.805753
[1] 4.326213
[1] 4.406416
[1] 4.575179
[1] 4.585034
[1] 1.867981
[1] 3.461141
[1] 4.083001
[1] 4.281178
[1] 4.523165
[1] 4.547735
[1] 4.620403
[1] 4.623707
[1] 3.07068
[1] 3.948824
[1] 4.328257
[1] 4.436755
[1] 4.578031
[1] 4.59162
[1] 4.633506
[1] 4.635196
[1] -499.3505
[1] -1.186404
[1] -79.59205
[1] -2.989514
[1] -10.43137
[1] -0.04494912
[1] 1.621253
[1] 2.951642
[1] -628.0606
[1] -1.375487
[1] -99.5805
[1] -2.965546
[1] -13.63397
[1] -0.4494411
[1] 1.040888
[1] 2.733709
[1] -498.3729
[1] -1.228169
[1] -81.49512
[1] -2.990962
[1] -10.90472
[1] -0.1417136
[1] 1.522647
[1] 2.904637
[1] -482.0872
[1] -1.168379
[1] -76.93548
[1] -2.986278
[1] -10.00388
[1] 0.01535763
[1] 1.699575
[1] 2.982976
[1] -611.2518
[1] -1.367531
[1] -98.2728
[1] -2.965996
[1] -13.51864
[1] -0.4470515
[1] 1.05498
[1] 2.734989
[1] 4.647897
[1] 4.647905
[1] 4.650041
[1] 4.650052
[1] 4.650579
[1] 4.650584
[1] 4.650713
[1] 4.650715
[1] 3.367319
[1] 3.840104
[1] 4.362906
[1] 4.422157
[1] 4.582358
[1] 4.590097
[1] 4.634205
[1] 4.635151
[1] 4.583262
[1] 4.597538
[1] 4.634883
[1] 4.636603
[1] 4.646865
[1] 4.647139
[1] 4.6498
[1] 4.649861
[1] 4.643714
[1] 4.643402
[1] 4.648981
[1] 4.648921
[1] 4.65032
[1] 4.650289
[1] 4.650654
[1] 4.650643
[1] 3.147031
[1] 3.980798
[1] 4.343649
[1] 4.446087
[1] 4.581437
[1] 4.594273
[1] 4.634254
[1] 4.635887
[1] -477.0306
[1] -1.165144
[1] -76.34255
[1] -2.985595
[1] -9.920449
[1] 0.02468331
[1] 1.715081
[1] 2.98779
[1] 4.650758
[1] 4.650758
[1] 4.650758
[1] 4.650757
[1] 4.650758
[1] 4.650758
[1] 4.650758
[1] 4.650758
[1] 4.650758
[1] 4.650757
[1] 4.650758
[1] 4.650609
[1] 4.650617
[1] 4.650758
[1] 4.650758
[1] 4.650758
[1] 4.650758
[1] 4.650758
[1] 4.650758
[1] 4.650758
[1] 4.650758
[1] 4.650758
[1] 4.650758
[1] 4.65072
[1] 4.650726
[1] 4.650758
[1] 4.650758
[1] 4.650758
[1] 4.650758
[1] 4.650758
[1] 4.650758
[1] 4.650758
[1] 4.650758
[1] 4.650758
[1] 4.650758
[1] 4.650748
[1] 4.65075
[1] 4.650758
[1] 4.650758
[1] 4.650758
[1] 4.650758
[1] 4.650758
[1] 4.650758
[1] 4.650755
[1] 4.650757

Call:
mle2(minuslogl = f.optim, start = coef(fit0), optimizer = "optim", 
    vecpar = TRUE)

Coefficients:
      logit.b     log.c_min logit.epsilon   logit.sigma        log.Ts 
   0.06719499    0.32101522   -1.17601725   -0.02548491    2.70428076 
        log.g      logit.Tm 
   4.52007277   -0.34323417 

Log-likelihood: 4.65 
      logit.b     log.c_min logit.epsilon   logit.sigma        log.Ts 
    1.0695040     1.3785266     0.3085050     0.9748371    14.9435648 
        log.g      logit.Tm 
   91.8422808     0.7094721 
      logit.b     log.c_min logit.epsilon   logit.sigma        log.Ts 
    0.5167924     0.5795716     0.2357691     0.4936291     0.9372788 
        log.g      logit.Tm 
    0.9892290     0.4150241 
