── Attaching core tidyverse packages ──────────────────────── tidyverse 2.0.0 ──
✔ dplyr     1.1.4     ✔ readr     2.1.5
✔ forcats   1.0.0     ✔ stringr   1.5.1
✔ ggplot2   3.5.1     ✔ tibble    3.2.1
✔ lubridate 1.9.3     ✔ tidyr     1.3.1
✔ purrr     1.0.2     
── Conflicts ────────────────────────────────────────── tidyverse_conflicts() ──
✖ dplyr::filter() masks stats::filter()
✖ dplyr::lag()    masks stats::lag()
ℹ Use the conflicted package (<http://conflicted.r-lib.org/>) to force all conflicts to become errors

Attaching package: ‘gridExtra’

The following object is masked from ‘package:dplyr’:

    combine

Rows: 7000 Columns: 5
── Column specification ────────────────────────────────────────────────────────
Delimiter: ","
chr (1): strategy
dbl (4): step, avg_drugs_lost, avg_all3_lost, parameter_comb

ℹ Use `spec()` to retrieve the full column specification for this data.
ℹ Specify the column types or set `show_col_types = FALSE` to quiet this message.
Rows: 7000 Columns: 5
── Column specification ────────────────────────────────────────────────────────
Delimiter: ","
chr (1): strategy
dbl (4): step, avg_drugs_lost, avg_all3_lost, parameter_comb

ℹ Use `spec()` to retrieve the full column specification for this data.
ℹ Specify the column types or set `show_col_types = FALSE` to quiet this message.
Rows: 1000 Columns: 10
── Column specification ────────────────────────────────────────────────────────
Delimiter: ","
dbl (10): comb, a_res_start, b_res_start, c_res_start, w_a, w_b, w_c, f_a, f...

ℹ Use `spec()` to retrieve the full column specification for this data.
ℹ Specify the column types or set `show_col_types = FALSE` to quiet this message.
Joining with `by = join_by(comb)`
Rows: 7000 Columns: 4
── Column specification ────────────────────────────────────────────────────────
Delimiter: ","
chr (1): strategy
dbl (3): step, parameter_comb, prop_runs_prevA_above

ℹ Use `spec()` to retrieve the full column specification for this data.
ℹ Specify the column types or set `show_col_types = FALSE` to quiet this message.
Rows: 7000 Columns: 4
── Column specification ────────────────────────────────────────────────────────
Delimiter: ","
chr (1): strategy
dbl (3): step, parameter_comb, prop_runs_prevB_above

ℹ Use `spec()` to retrieve the full column specification for this data.
ℹ Specify the column types or set `show_col_types = FALSE` to quiet this message.
Rows: 7000 Columns: 4
── Column specification ────────────────────────────────────────────────────────
Delimiter: ","
chr (1): strategy
dbl (3): step, parameter_comb, prop_runs_prevC_above

ℹ Use `spec()` to retrieve the full column specification for this data.
ℹ Specify the column types or set `show_col_types = FALSE` to quiet this message.
Rows: 7000 Columns: 4
── Column specification ────────────────────────────────────────────────────────
Delimiter: ","
chr (1): strategy
dbl (3): step, parameter_comb, prop_runs_prevA_above

ℹ Use `spec()` to retrieve the full column specification for this data.
ℹ Specify the column types or set `show_col_types = FALSE` to quiet this message.
Rows: 7000 Columns: 4
── Column specification ────────────────────────────────────────────────────────
Delimiter: ","
chr (1): strategy
dbl (3): step, parameter_comb, prop_runs_prevB_above

ℹ Use `spec()` to retrieve the full column specification for this data.
ℹ Specify the column types or set `show_col_types = FALSE` to quiet this message.
Rows: 7000 Columns: 4
── Column specification ────────────────────────────────────────────────────────
Delimiter: ","
chr (1): strategy
dbl (3): step, parameter_comb, prop_runs_prevC_above

ℹ Use `spec()` to retrieve the full column specification for this data.
ℹ Specify the column types or set `show_col_types = FALSE` to quiet this message.
Joining with `by = join_by(step, parameter_comb, strategy)`
Joining with `by = join_by(step, parameter_comb, strategy)`
Joining with `by = join_by(step, parameter_comb, strategy)`
Joining with `by = join_by(step, parameter_comb, strategy)`
