── Attaching core tidyverse packages ──────────────────────── tidyverse 2.0.0 ──
✔ dplyr     1.1.4     ✔ readr     2.1.5
✔ forcats   1.0.0     ✔ stringr   1.5.1
✔ ggplot2   3.5.1     ✔ tibble    3.2.1
✔ lubridate 1.9.3     ✔ tidyr     1.3.1
✔ purrr     1.0.2     
── Conflicts ────────────────────────────────────────── tidyverse_conflicts() ──
✖ dplyr::filter() masks stats::filter()
✖ dplyr::lag()    masks stats::lag()
ℹ Use the conflicted package (<http://conflicted.r-lib.org/>) to force all conflicts to become errors

Attaching package: ‘gridExtra’

The following object is masked from ‘package:dplyr’:

    combine

Loading required namespace: pkgbuild
Unused equation: b
	b <- user() # (line 108)
Generating model in c
ℹ Re-compiling odin76b41bfc (debug build)
ℹ Loading odin76b41bfc
Generating model in c
ℹ Re-compiling odin68c61458 (debug build)
ℹ Loading odin68c61458
Unused equation: b
	b <- user() # (line 120)
Generating model in c
ℹ Re-compiling odin4c08249a (debug build)
ℹ Loading odin4c08249a
Generating model in c
ℹ Re-compiling odin6c1fe206 (debug build)
ℹ Loading odin6c1fe206
Generating model in c
ℹ Re-compiling odin9a602777 (debug build)
ℹ Loading odin9a602777
Generating model in c
ℹ Re-compiling odin3c6c06ff (debug build)
ℹ Loading odin3c6c06ff
Generating model in c
ℹ Re-compiling odin95f1b52a (debug build)
ℹ Loading odin95f1b52a
Generating model in c
ℹ Re-compiling odin2d2f3b67 (debug build)
ℹ Loading odin2d2f3b67
Generating model in c
ℹ Re-compiling odinb9d7af46 (debug build)
ℹ Loading odinb9d7af46
Generating model in c
ℹ Re-compiling odinff5ca7d5 (debug build)
ℹ Loading odinff5ca7d5
Generating model in c
ℹ Re-compiling odin0bf4a30c (debug build)
ℹ Loading odin0bf4a30c
Unused equations: ninf_Ya, ninf_Yab, ninf_Yb, ninf_Ys, ninf_Za, ninf_Zab, ninf_Zb, ninf_Zs, p_YZs_YZc, sum_BI_S, sum_n_SOut, sum_n_SYa, sum_n_SYab, sum_n_SYabc, sum_n_SYac, sum_n_SYb, sum_n_SYbc, sum_n_SYc, sum_n_SYs, sum_n_SYZa, sum_n_SYZab, sum_n_SYZabc, sum_n_SYZac, sum_n_SYZb, sum_n_SYZbc, sum_n_SYZc, sum_n_SYZs, sum_n_SZa, sum_n_SZab, sum_n_SZabc, sum_n_SZac, sum_n_SZb, sum_n_SZbc, sum_n_SZc, sum_n_SZs, sum_n_Ya_nr, sum_n_Ya_tr, sum_n_Ya_tr_fail, sum_n_Ya_tr_success, sum_n_YabcOut, sum_n_YabOut, sum_n_YabS, sum_n_YabYabc, sum_n_YacOut, sum_n_YacS, sum_n_YacYabc, sum_n_YaOut, sum_n_YaS, sum_n_YaYab, sum_n_YaYac, sum_n_Yb_nr, sum_n_Yb_tr, sum_n_Yb_tr_fail, sum_n_Yb_tr_success, sum_n_YbcOut, sum_n_YbcS, sum_n_YbcYabc, sum_n_YbOut, sum_n_YbS, sum_n_YbYab, sum_n_YbYbc, sum_n_Yc_nr, sum_n_Yc_tr, sum_n_Yc_tr_fail, sum_n_Yc_tr_success, sum_n_YcOut, sum_n_YcS, sum_n_YcYac, sum_n_YcYbc, sum_n_Ys_nr, sum_n_Ys_tr, sum_n_Ys_tr_fail, sum_n_Ys_tr_success, sum_n_YsOut, sum_n_YsS, sum_n_YsYa, sum_n_YsYb, sum_n_YsYc, sum_n_Za_nr, sum_n_Za_tr, sum_n_Za_tr_fail, sum_n_Za_tr_success, sum_n_ZabcOut, sum_n_ZabOut, sum_n_ZabS, sum_n_ZabZabc, sum_n_ZacOut, sum_n_ZacS, sum_n_ZacZabc, sum_n_ZaOut, sum_n_ZaS, sum_n_ZaZab, sum_n_ZaZac, sum_n_Zb_nr, sum_n_Zb_tr, sum_n_Zb_tr_fail, sum_n_Zb_tr_success, sum_n_ZbcOut, sum_n_ZbcS, sum_n_ZbcZabc, sum_n_ZbOut, sum_n_ZbS, sum_n_ZbZab, sum_n_ZbZbc, sum_n_Zc_nr, sum_n_Zc_tr, sum_n_Zc_tr_fail, sum_n_Zc_tr_success, sum_n_ZcOut, sum_n_ZcS, sum_n_ZcZac, sum_n_ZcZbc, sum_n_Zs_nr, sum_n_Zs_tr, sum_n_Zs_tr_fail, sum_n_Zs_tr_success, sum_n_ZsOut, sum_n_ZsS, sum_n_ZsZa, sum_n_ZsZb, sum_n_ZsZc, sum_tx_probs, total_sum_all_BI_terms, total_sum_BI_S, total_sum_BI_YZa, total_sum_BI_YZab, total_sum_BI_YZabc, total_sum_BI_YZac, total_sum_BI_YZb, total_sum_BI_YZbc, total_sum_BI_YZc, total_sum_BI_YZs
	ninf_Ya[] <- sigma * f_a * sum(BI_YZa[, i]) * S[i] # (line 369)
	ninf_Yab[] <- sigma * f_ab * sum(BI_YZab[, i]) * S[i] # (line 373)
	ninf_Yb[] <- sigma * f_b * sum(BI_YZb[, i]) * S[i] # (line 371)
	ninf_Ys[] <- sigma * sum(BI_YZs[, i]) * S[i] # (line 367)
	ninf_Za[] <- (1 - sigma) * f_a * sum(BI_YZa[, i]) * S[i] # (line 370)
	ninf_Zab[] <- (1 - sigma) * f_ab * sum(BI_YZab[, i]) * S[i] # (line 374)
	ninf_Zb[] <- (1 - sigma) * f_b * sum(BI_YZb[, i]) * S[i] # (line 372)
	ninf_Zs[] <- (1 - sigma) * sum(BI_YZs[, i]) * S[i] # (line 368)
	p_YZs_YZc <- E_c * w_c/p_YZs_tr_fail # (line 134)
	sum_BI_S[] <- sum(BI_S[, i]) # (line 10)
	sum_n_SOut <- sum(n_SOut) # (line 254)
	sum_n_SYa <- sum(n_SYa) # (line 265)
	sum_n_SYab <- sum(n_SYab) # (line 271)
	sum_n_SYabc <- sum(n_SYabc) # (line 277)
	sum_n_SYac <- sum(n_SYac) # (line 273)
	sum_n_SYb <- sum(n_SYb) # (line 267)
	sum_n_SYbc <- sum(n_SYbc) # (line 275)
	sum_n_SYc <- sum(n_SYc) # (line 269)
	sum_n_SYs <- sum(n_SYs) # (line 263)
	sum_n_SYZa <- sum(n_SYZa) # (line 255)
	sum_n_SYZab <- sum(n_SYZab) # (line 258)
	sum_n_SYZabc <- sum(n_SYZabc) # (line 261)
	sum_n_SYZac <- sum(n_SYZac) # (line 259)
	sum_n_SYZb <- sum(n_SYZb) # (line 256)
	sum_n_SYZbc <- sum(n_SYZbc) # (line 260)
	sum_n_SYZc <- sum(n_SYZc) # (line 257)
	sum_n_SYZs <- sum(n_SYZs) # (line 262)
	sum_n_SZa <- sum(n_SZa) # (line 266)
	sum_n_SZab <- sum(n_SZab) # (line 272)
	sum_n_SZabc <- sum(n_SZabc) # (line 278)
	sum_n_SZac <- sum(n_SZac) # (line 274)
	sum_n_SZb <- sum(n_SZb) # (line 268)
	sum_n_SZbc <- sum(n_SZbc) # (line 276)
	sum_n_SZc <- sum(n_SZc) # (line 270)
	sum_n_SZs <- sum(n_SZs) # (line 264)
	sum_n_Ya_nr <- sum(n_Ya_nr) # (line 303)
	sum_n_Ya_tr <- sum(n_Ya_tr) # (line 304)
	sum_n_Ya_tr_fail <- sum(n_Ya_tr_fail) # (line 315)
	sum_n_Ya_tr_success <- sum(n_Ya_tr_success) # (line 321)
	sum_n_YabcOut <- sum(n_YabcOut) # (line 363)
	sum_n_YabOut <- sum(n_YabOut) # (line 345)
	sum_n_YabS <- sum(n_YabS) # (line 352)
	sum_n_YabYabc <- sum(n_YabYabc) # (line 351)
	sum_n_YacOut <- sum(n_YacOut) # (line 346)
	sum_n_YacS <- sum(n_YacS) # (line 354)
	sum_n_YacYabc <- sum(n_YacYabc) # (line 353)
	sum_n_YaOut <- sum(n_YaOut) # (line 297)
	sum_n_YaS <- sum(n_YaS) # (line 327)
	sum_n_YaYab <- sum(n_YaYab) # (line 333)
	sum_n_YaYac <- sum(n_YaYac) # (line 334)
	sum_n_Yb_nr <- sum(n_Yb_nr) # (line 305)
	sum_n_Yb_tr <- sum(n_Yb_tr) # (line 306)
	sum_n_Yb_tr_fail <- sum(n_Yb_tr_fail) # (line 316)
	sum_n_Yb_tr_success <- sum(n_Yb_tr_success) # (line 322)
	sum_n_YbcOut <- sum(n_YbcOut) # (line 347)
	sum_n_YbcS <- sum(n_YbcS) # (line 356)
	sum_n_YbcYabc <- sum(n_YbcYabc) # (line 355)
	sum_n_YbOut <- sum(n_YbOut) # (line 298)
	sum_n_YbS <- sum(n_YbS) # (line 328)
	sum_n_YbYab <- sum(n_YbYab) # (line 335)
	sum_n_YbYbc <- sum(n_YbYbc) # (line 336)
	sum_n_Yc_nr <- sum(n_Yc_nr) # (line 307)
	sum_n_Yc_tr <- sum(n_Yc_tr) # (line 308)
	sum_n_Yc_tr_fail <- sum(n_Yc_tr_fail) # (line 317)
	sum_n_Yc_tr_success <- sum(n_Yc_tr_success) # (line 323)
	sum_n_YcOut <- sum(n_YcOut) # (line 299)
	sum_n_YcS <- sum(n_YcS) # (line 329)
	sum_n_YcYac <- sum(n_YcYac) # (line 337)
	sum_n_YcYbc <- sum(n_YcYbc) # (line 338)
	sum_n_Ys_nr <- sum(n_Ys_nr) # (line 282)
	sum_n_Ys_tr <- sum(n_Ys_tr) # (line 281)
	sum_n_Ys_tr_fail <- sum(n_Ys_tr_fail) # (line 285)
	sum_n_Ys_tr_success <- sum(n_Ys_tr_success) # (line 286)
	sum_n_YsOut <- sum(n_YsOut) # (line 279)
	sum_n_YsS <- sum(n_YsS) # (line 289)
	sum_n_YsYa <- sum(n_YsYa) # (line 291)
	sum_n_YsYb <- sum(n_YsYb) # (line 292)
	sum_n_YsYc <- sum(n_YsYc) # (line 293)
	sum_n_Za_nr <- sum(n_Za_nr) # (line 309)
	sum_n_Za_tr <- sum(n_Za_tr) # (line 310)
	sum_n_Za_tr_fail <- sum(n_Za_tr_fail) # (line 318)
	sum_n_Za_tr_success <- sum(n_Za_tr_success) # (line 324)
	sum_n_ZabcOut <- sum(n_ZabcOut) # (line 364)
	sum_n_ZabOut <- sum(n_ZabOut) # (line 348)
	sum_n_ZabS <- sum(n_ZabS) # (line 358)
	sum_n_ZabZabc <- sum(n_ZabZabc) # (line 357)
	sum_n_ZacOut <- sum(n_ZacOut) # (line 349)
	sum_n_ZacS <- sum(n_ZacS) # (line 360)
	sum_n_ZacZabc <- sum(n_ZacZabc) # (line 359)
	sum_n_ZaOut <- sum(n_ZaOut) # (line 300)
	sum_n_ZaS <- sum(n_ZaS) # (line 330)
	sum_n_ZaZab <- sum(n_ZaZab) # (line 339)
	sum_n_ZaZac <- sum(n_ZaZac) # (line 340)
	sum_n_Zb_nr <- sum(n_Zb_nr) # (line 311)
	sum_n_Zb_tr <- sum(n_Zb_tr) # (line 312)
	sum_n_Zb_tr_fail <- sum(n_Zb_tr_fail) # (line 319)
	sum_n_Zb_tr_success <- sum(n_Zb_tr_success) # (line 325)
	sum_n_ZbcOut <- sum(n_ZbcOut) # (line 350)
	sum_n_ZbcS <- sum(n_ZbcS) # (line 362)
	sum_n_ZbcZabc <- sum(n_ZbcZabc) # (line 361)
	sum_n_ZbOut <- sum(n_ZbOut) # (line 301)
	sum_n_ZbS <- sum(n_ZbS) # (line 331)
	sum_n_ZbZab <- sum(n_ZbZab) # (line 341)
	sum_n_ZbZbc <- sum(n_ZbZbc) # (line 342)
	sum_n_Zc_nr <- sum(n_Zc_nr) # (line 313)
	sum_n_Zc_tr <- sum(n_Zc_tr) # (line 314)
	sum_n_Zc_tr_fail <- sum(n_Zc_tr_fail) # (line 320)
	sum_n_Zc_tr_success <- sum(n_Zc_tr_success) # (line 326)
	sum_n_ZcOut <- sum(n_ZcOut) # (line 302)
	sum_n_ZcS <- sum(n_ZcS) # (line 332)
	sum_n_ZcZac <- sum(n_ZcZac) # (line 343)
	sum_n_ZcZbc <- sum(n_ZcZbc) # (line 344)
	sum_n_Zs_nr <- sum(n_Zs_nr) # (line 284)
	sum_n_Zs_tr <- sum(n_Zs_tr) # (line 283)
	sum_n_Zs_tr_fail <- sum(n_Zs_tr_fail) # (line 287)
	sum_n_Zs_tr_success <- sum(n_Zs_tr_success) # (line 288)
	sum_n_ZsOut <- sum(n_ZsOut) # (line 280)
	sum_n_ZsS <- sum(n_ZsS) # (line 290)
	sum_n_ZsZa <- sum(n_ZsZa) # (line 294)
	sum_n_ZsZb <- sum(n_ZsZb) # (line 295)
	sum_n_ZsZc <- sum(n_ZsZc) # (line 296)
	sum_tx_probs = E_a + E_c + E_b # (line 253)
	total_sum_all_BI_terms <- sum(sum_all_BI_terms) # (line 29)
	total_sum_BI_S <- sum(sum_BI_S) # (line 20)
	total_sum_BI_YZa <- sum(sum_BI_YZa) # (line 22)
	total_sum_BI_YZab <- sum(sum_BI_YZab) # (line 25)
	total_sum_BI_YZabc <- sum(sum_BI_YZabc) # (line 28)
	total_sum_BI_YZac <- sum(sum_BI_YZac) # (line 26)
	total_sum_BI_YZb <- sum(sum_BI_YZb) # (line 23)
	total_sum_BI_YZbc <- sum(sum_BI_YZbc) # (line 27)
	total_sum_BI_YZc <- sum(sum_BI_YZc) # (line 24)
	total_sum_BI_YZs <- sum(sum_BI_YZs) # (line 21)
Generating model in c
ℹ Re-compiling odin053f8e5c (debug build)
ℹ Loading odin053f8e5c
Unused equations: ninf_Ya, ninf_Yab, ninf_Yb, ninf_Ys, ninf_Za, ninf_Zab, ninf_Zb, ninf_Zs, p_YZs_YZc, sum_BI_S, sum_n_SOut, sum_n_SYa, sum_n_SYab, sum_n_SYabc, sum_n_SYac, sum_n_SYb, sum_n_SYbc, sum_n_SYc, sum_n_SYs, sum_n_SYZa, sum_n_SYZab, sum_n_SYZabc, sum_n_SYZac, sum_n_SYZb, sum_n_SYZbc, sum_n_SYZc, sum_n_SYZs, sum_n_SZa, sum_n_SZab, sum_n_SZabc, sum_n_SZac, sum_n_SZb, sum_n_SZbc, sum_n_SZc, sum_n_SZs, sum_n_Ya_nr, sum_n_Ya_tr, sum_n_Ya_tr_fail, sum_n_Ya_tr_success, sum_n_YabcOut, sum_n_YabOut, sum_n_YabS, sum_n_YabYabc, sum_n_YacOut, sum_n_YacS, sum_n_YacYabc, sum_n_YaOut, sum_n_YaS, sum_n_YaYab, sum_n_YaYac, sum_n_Yb_nr, sum_n_Yb_tr, sum_n_Yb_tr_fail, sum_n_Yb_tr_success, sum_n_YbcOut, sum_n_YbcS, sum_n_YbcYabc, sum_n_YbOut, sum_n_YbS, sum_n_YbYab, sum_n_YbYbc, sum_n_Yc_nr, sum_n_Yc_tr, sum_n_Yc_tr_fail, sum_n_Yc_tr_success, sum_n_YcOut, sum_n_YcS, sum_n_YcYac, sum_n_YcYbc, sum_n_Ys_nr, sum_n_Ys_tr, sum_n_Ys_tr_fail, sum_n_Ys_tr_success, sum_n_YsOut, sum_n_YsS, sum_n_YsYa, sum_n_YsYb, sum_n_YsYc, sum_n_Za_nr, sum_n_Za_tr, sum_n_Za_tr_fail, sum_n_Za_tr_success, sum_n_ZabcOut, sum_n_ZabOut, sum_n_ZabS, sum_n_ZabZabc, sum_n_ZacOut, sum_n_ZacS, sum_n_ZacZabc, sum_n_ZaOut, sum_n_ZaS, sum_n_ZaZab, sum_n_ZaZac, sum_n_Zb_nr, sum_n_Zb_tr, sum_n_Zb_tr_fail, sum_n_Zb_tr_success, sum_n_ZbcOut, sum_n_ZbcS, sum_n_ZbcZabc, sum_n_ZbOut, sum_n_ZbS, sum_n_ZbZab, sum_n_ZbZbc, sum_n_Zc_nr, sum_n_Zc_tr, sum_n_Zc_tr_fail, sum_n_Zc_tr_success, sum_n_ZcOut, sum_n_ZcS, sum_n_ZcZac, sum_n_ZcZbc, sum_n_Zs_nr, sum_n_Zs_tr, sum_n_Zs_tr_fail, sum_n_Zs_tr_success, sum_n_ZsOut, sum_n_ZsS, sum_n_ZsZa, sum_n_ZsZb, sum_n_ZsZc, sum_tx_probs, total_sum_all_BI_terms, total_sum_BI_S, total_sum_BI_YZa, total_sum_BI_YZab, total_sum_BI_YZabc, total_sum_BI_YZac, total_sum_BI_YZb, total_sum_BI_YZbc, total_sum_BI_YZc, total_sum_BI_YZs
	ninf_Ya[] <- sigma * f_a * sum(BI_YZa[, i]) * S[i] # (line 379)
	ninf_Yab[] <- sigma * f_ab * sum(BI_YZab[, i]) * S[i] # (line 383)
	ninf_Yb[] <- sigma * f_b * sum(BI_YZb[, i]) * S[i] # (line 381)
	ninf_Ys[] <- sigma * sum(BI_YZs[, i]) * S[i] # (line 377)
	ninf_Za[] <- (1 - sigma) * f_a * sum(BI_YZa[, i]) * S[i] # (line 380)
	ninf_Zab[] <- (1 - sigma) * f_ab * sum(BI_YZab[, i]) * S[i] # (line 384)
	ninf_Zb[] <- (1 - sigma) * f_b * sum(BI_YZb[, i]) * S[i] # (line 382)
	ninf_Zs[] <- (1 - sigma) * sum(BI_YZs[, i]) * S[i] # (line 378)
	p_YZs_YZc <- E_c * w_c/p_YZs_tr_fail # (line 134)
	sum_BI_S[] <- sum(BI_S[, i]) # (line 10)
	sum_n_SOut <- sum(n_SOut) # (line 264)
	sum_n_SYa <- sum(n_SYa) # (line 275)
	sum_n_SYab <- sum(n_SYab) # (line 281)
	sum_n_SYabc <- sum(n_SYabc) # (line 287)
	sum_n_SYac <- sum(n_SYac) # (line 283)
	sum_n_SYb <- sum(n_SYb) # (line 277)
	sum_n_SYbc <- sum(n_SYbc) # (line 285)
	sum_n_SYc <- sum(n_SYc) # (line 279)
	sum_n_SYs <- sum(n_SYs) # (line 273)
	sum_n_SYZa <- sum(n_SYZa) # (line 265)
	sum_n_SYZab <- sum(n_SYZab) # (line 268)
	sum_n_SYZabc <- sum(n_SYZabc) # (line 271)
	sum_n_SYZac <- sum(n_SYZac) # (line 269)
	sum_n_SYZb <- sum(n_SYZb) # (line 266)
	sum_n_SYZbc <- sum(n_SYZbc) # (line 270)
	sum_n_SYZc <- sum(n_SYZc) # (line 267)
	sum_n_SYZs <- sum(n_SYZs) # (line 272)
	sum_n_SZa <- sum(n_SZa) # (line 276)
	sum_n_SZab <- sum(n_SZab) # (line 282)
	sum_n_SZabc <- sum(n_SZabc) # (line 288)
	sum_n_SZac <- sum(n_SZac) # (line 284)
	sum_n_SZb <- sum(n_SZb) # (line 278)
	sum_n_SZbc <- sum(n_SZbc) # (line 286)
	sum_n_SZc <- sum(n_SZc) # (line 280)
	sum_n_SZs <- sum(n_SZs) # (line 274)
	sum_n_Ya_nr <- sum(n_Ya_nr) # (line 313)
	sum_n_Ya_tr <- sum(n_Ya_tr) # (line 314)
	sum_n_Ya_tr_fail <- sum(n_Ya_tr_fail) # (line 325)
	sum_n_Ya_tr_success <- sum(n_Ya_tr_success) # (line 331)
	sum_n_YabcOut <- sum(n_YabcOut) # (line 373)
	sum_n_YabOut <- sum(n_YabOut) # (line 355)
	sum_n_YabS <- sum(n_YabS) # (line 362)
	sum_n_YabYabc <- sum(n_YabYabc) # (line 361)
	sum_n_YacOut <- sum(n_YacOut) # (line 356)
	sum_n_YacS <- sum(n_YacS) # (line 364)
	sum_n_YacYabc <- sum(n_YacYabc) # (line 363)
	sum_n_YaOut <- sum(n_YaOut) # (line 307)
	sum_n_YaS <- sum(n_YaS) # (line 337)
	sum_n_YaYab <- sum(n_YaYab) # (line 343)
	sum_n_YaYac <- sum(n_YaYac) # (line 344)
	sum_n_Yb_nr <- sum(n_Yb_nr) # (line 315)
	sum_n_Yb_tr <- sum(n_Yb_tr) # (line 316)
	sum_n_Yb_tr_fail <- sum(n_Yb_tr_fail) # (line 326)
	sum_n_Yb_tr_success <- sum(n_Yb_tr_success) # (line 332)
	sum_n_YbcOut <- sum(n_YbcOut) # (line 357)
	sum_n_YbcS <- sum(n_YbcS) # (line 366)
	sum_n_YbcYabc <- sum(n_YbcYabc) # (line 365)
	sum_n_YbOut <- sum(n_YbOut) # (line 308)
	sum_n_YbS <- sum(n_YbS) # (line 338)
	sum_n_YbYab <- sum(n_YbYab) # (line 345)
	sum_n_YbYbc <- sum(n_YbYbc) # (line 346)
	sum_n_Yc_nr <- sum(n_Yc_nr) # (line 317)
	sum_n_Yc_tr <- sum(n_Yc_tr) # (line 318)
	sum_n_Yc_tr_fail <- sum(n_Yc_tr_fail) # (line 327)
	sum_n_Yc_tr_success <- sum(n_Yc_tr_success) # (line 333)
	sum_n_YcOut <- sum(n_YcOut) # (line 309)
	sum_n_YcS <- sum(n_YcS) # (line 339)
	sum_n_YcYac <- sum(n_YcYac) # (line 347)
	sum_n_YcYbc <- sum(n_YcYbc) # (line 348)
	sum_n_Ys_nr <- sum(n_Ys_nr) # (line 292)
	sum_n_Ys_tr <- sum(n_Ys_tr) # (line 291)
	sum_n_Ys_tr_fail <- sum(n_Ys_tr_fail) # (line 295)
	sum_n_Ys_tr_success <- sum(n_Ys_tr_success) # (line 296)
	sum_n_YsOut <- sum(n_YsOut) # (line 289)
	sum_n_YsS <- sum(n_YsS) # (line 299)
	sum_n_YsYa <- sum(n_YsYa) # (line 301)
	sum_n_YsYb <- sum(n_YsYb) # (line 302)
	sum_n_YsYc <- sum(n_YsYc) # (line 303)
	sum_n_Za_nr <- sum(n_Za_nr) # (line 319)
	sum_n_Za_tr <- sum(n_Za_tr) # (line 320)
	sum_n_Za_tr_fail <- sum(n_Za_tr_fail) # (line 328)
	sum_n_Za_tr_success <- sum(n_Za_tr_success) # (line 334)
	sum_n_ZabcOut <- sum(n_ZabcOut) # (line 374)
	sum_n_ZabOut <- sum(n_ZabOut) # (line 358)
	sum_n_ZabS <- sum(n_ZabS) # (line 368)
	sum_n_ZabZabc <- sum(n_ZabZabc) # (line 367)
	sum_n_ZacOut <- sum(n_ZacOut) # (line 359)
	sum_n_ZacS <- sum(n_ZacS) # (line 370)
	sum_n_ZacZabc <- sum(n_ZacZabc) # (line 369)
	sum_n_ZaOut <- sum(n_ZaOut) # (line 310)
	sum_n_ZaS <- sum(n_ZaS) # (line 340)
	sum_n_ZaZab <- sum(n_ZaZab) # (line 349)
	sum_n_ZaZac <- sum(n_ZaZac) # (line 350)
	sum_n_Zb_nr <- sum(n_Zb_nr) # (line 321)
	sum_n_Zb_tr <- sum(n_Zb_tr) # (line 322)
	sum_n_Zb_tr_fail <- sum(n_Zb_tr_fail) # (line 329)
	sum_n_Zb_tr_success <- sum(n_Zb_tr_success) # (line 335)
	sum_n_ZbcOut <- sum(n_ZbcOut) # (line 360)
	sum_n_ZbcS <- sum(n_ZbcS) # (line 372)
	sum_n_ZbcZabc <- sum(n_ZbcZabc) # (line 371)
	sum_n_ZbOut <- sum(n_ZbOut) # (line 311)
	sum_n_ZbS <- sum(n_ZbS) # (line 341)
	sum_n_ZbZab <- sum(n_ZbZab) # (line 351)
	sum_n_ZbZbc <- sum(n_ZbZbc) # (line 352)
	sum_n_Zc_nr <- sum(n_Zc_nr) # (line 323)
	sum_n_Zc_tr <- sum(n_Zc_tr) # (line 324)
	sum_n_Zc_tr_fail <- sum(n_Zc_tr_fail) # (line 330)
	sum_n_Zc_tr_success <- sum(n_Zc_tr_success) # (line 336)
	sum_n_ZcOut <- sum(n_ZcOut) # (line 312)
	sum_n_ZcS <- sum(n_ZcS) # (line 342)
	sum_n_ZcZac <- sum(n_ZcZac) # (line 353)
	sum_n_ZcZbc <- sum(n_ZcZbc) # (line 354)
	sum_n_Zs_nr <- sum(n_Zs_nr) # (line 294)
	sum_n_Zs_tr <- sum(n_Zs_tr) # (line 293)
	sum_n_Zs_tr_fail <- sum(n_Zs_tr_fail) # (line 297)
	sum_n_Zs_tr_success <- sum(n_Zs_tr_success) # (line 298)
	sum_n_ZsOut <- sum(n_ZsOut) # (line 290)
	sum_n_ZsS <- sum(n_ZsS) # (line 300)
	sum_n_ZsZa <- sum(n_ZsZa) # (line 304)
	sum_n_ZsZb <- sum(n_ZsZb) # (line 305)
	sum_n_ZsZc <- sum(n_ZsZc) # (line 306)
	sum_tx_probs = E_a + E_c + E_b # (line 263)
	total_sum_all_BI_terms <- sum(sum_all_BI_terms) # (line 29)
	total_sum_BI_S <- sum(sum_BI_S) # (line 20)
	total_sum_BI_YZa <- sum(sum_BI_YZa) # (line 22)
	total_sum_BI_YZab <- sum(sum_BI_YZab) # (line 25)
	total_sum_BI_YZabc <- sum(sum_BI_YZabc) # (line 28)
	total_sum_BI_YZac <- sum(sum_BI_YZac) # (line 26)
	total_sum_BI_YZb <- sum(sum_BI_YZb) # (line 23)
	total_sum_BI_YZbc <- sum(sum_BI_YZbc) # (line 27)
	total_sum_BI_YZc <- sum(sum_BI_YZc) # (line 24)
	total_sum_BI_YZs <- sum(sum_BI_YZs) # (line 21)
Generating model in c
ℹ Re-compiling odin697c2f06 (debug build)
ℹ Loading odin697c2f06
Rows: 1000 Columns: 10
── Column specification ────────────────────────────────────────────────────────
Delimiter: ","
dbl (10): comb, sigma, b, epsilon, c_min, d, T_s, T_m, T_sr, kappa

ℹ Use `spec()` to retrieve the full column specification for this data.
ℹ Specify the column types or set `show_col_types = FALSE` to quiet this message.
